<?xml version="1.0" encoding="UTF-8"?>
<!-- Generated by org.testng.reporters.JUnitReportReporter -->
<testsuite skipped="0" hostname="IZDT-211" name="price.rule.testcase.ExpiredpriceRule" tests="2" failures="0" timestamp="12 Mar 2018 09:22:52 GMT" time="191.931" errors="0">
  <testcase name="loginSc" time="46.954" classname="price.rule.testcase.ExpiredpriceRule"/>
  <testcase name="withouisPrimary" time="144.977" classname="price.rule.testcase.ExpiredpriceRule"/>
</testsuite> <!-- price.rule.testcase.ExpiredpriceRule -->
