<?xml version="1.0" encoding="UTF-8"?>
<!-- Generated by org.testng.reporters.JUnitReportReporter -->
<testsuite skipped="0" hostname="IZDT-211" name="price.rule.testcase.ExpiredpriceRule" tests="2" failures="0" timestamp="13 Mar 2018 07:30:21 GMT" time="24.535" errors="0">
  <testcase name="loginSc" time="14.422" classname="price.rule.testcase.ExpiredpriceRule"/>
  <testcase name="expiredDatePriceRule" time="10.113" classname="price.rule.testcase.ExpiredpriceRule"/>
</testsuite> <!-- price.rule.testcase.ExpiredpriceRule -->
