<?xml version="1.0" encoding="UTF-8"?>
<!-- Generated by org.testng.reporters.JUnitReportReporter -->
<testsuite skipped="0" hostname="IZDT-211" name="price.rule.testcase.ExpiredpriceRule" tests="2" failures="0" timestamp="12 Mar 2018 05:52:37 GMT" time="16.392" errors="0">
  <testcase name="loginSc" time="11.261" classname="price.rule.testcase.ExpiredpriceRule"/>
  <testcase name="deletePriceRule" time="5.131" classname="price.rule.testcase.ExpiredpriceRule"/>
</testsuite> <!-- price.rule.testcase.ExpiredpriceRule -->
