<?xml version="1.0" encoding="UTF-8"?>
<!-- Generated by org.testng.reporters.JUnitReportReporter -->
<testsuite skipped="0" hostname="IZDT-211" name="price.rule.testcase.FrontEndCitroenDealerPriceRule" tests="1" failures="0" timestamp="09 Mar 2018 12:16:11 GMT" time="47.287" errors="0">
  <testcase name="withPriceRule" time="47.287" classname="price.rule.testcase.FrontEndCitroenDealerPriceRule"/>
</testsuite> <!-- price.rule.testcase.FrontEndCitroenDealerPriceRule -->
