<?xml version="1.0" encoding="UTF-8"?>
<!-- Generated by org.testng.reporters.JUnitReportReporter -->
<testsuite skipped="0" hostname="IZDT-211" name="price.rule.testcase.AddingpriceRuleDlrWithReport" tests="4" failures="0" timestamp="08 Mar 2018 05:59:08 GMT" time="349.846" errors="0">
  <testcase name="tradeinDiscount" time="22.318" classname="price.rule.testcase.AddingpriceRuleDlrWithReport"/>
  <testcase name="oemDiscount" time="25.182" classname="price.rule.testcase.AddingpriceRuleDlrWithReport"/>
  <testcase name="greenDiscount" time="151.783" classname="price.rule.testcase.AddingpriceRuleDlrWithReport"/>
  <testcase name="dealerDiscount" time="150.563" classname="price.rule.testcase.AddingpriceRuleDlrWithReport"/>
</testsuite> <!-- price.rule.testcase.AddingpriceRuleDlrWithReport -->
