<?xml version="1.0" encoding="UTF-8"?>
<!-- Generated by org.testng.reporters.JUnitReportReporter -->
<testsuite skipped="0" hostname="IZDT-211" name="price.rule.testcase.AddingpriceRuleDlr" tests="5" failures="0" timestamp="09 Mar 2018 12:16:11 GMT" time="291.584" errors="0">
  <testcase name="loginSc" time="11.423" classname="price.rule.testcase.AddingpriceRuleDlr"/>
  <testcase name="tradeinDiscount" time="15.099" classname="price.rule.testcase.AddingpriceRuleDlr"/>
  <testcase name="dealerDiscount" time="151.992" classname="price.rule.testcase.AddingpriceRuleDlr"/>
  <testcase name="oemDiscount" time="15.371" classname="price.rule.testcase.AddingpriceRuleDlr"/>
  <testcase name="greenDiscount" time="97.699" classname="price.rule.testcase.AddingpriceRuleDlr"/>
</testsuite> <!-- price.rule.testcase.AddingpriceRuleDlr -->
