<?xml version="1.0" encoding="UTF-8"?>
<!-- Generated by org.testng.reporters.JUnitReportReporter -->
<testsuite skipped="0" hostname="IZDT-211" name="price.rule.testcase.FrontEndInActivePriceRule" tests="2" failures="0" timestamp="09 Mar 2018 13:04:45 GMT" time="124.960" errors="0">
  <testcase name="expiredPriceRule" time="52.097" classname="price.rule.testcase.FrontEndInActivePriceRule"/>
  <testcase name="inActivePriceRule" time="72.863" classname="price.rule.testcase.FrontEndInActivePriceRule"/>
</testsuite> <!-- price.rule.testcase.FrontEndInActivePriceRule -->
