<?xml version="1.0" encoding="UTF-8"?>
<!-- Generated by org.testng.reporters.JUnitReportReporter -->
<testsuite skipped="0" hostname="IZDT-211" name="price.rule.testcase.FrontEndRenaultDealerPriceRule" tests="5" failures="0" timestamp="09 Mar 2018 12:16:11 GMT" time="196.307" errors="0">
  <testcase name="renualtdealerinvtUrl" time="20.887" classname="price.rule.testcase.FrontEndRenaultDealerPriceRule"/>
  <testcase name="renaultwithOutPriceRule" time="25.027" classname="price.rule.testcase.FrontEndRenaultDealerPriceRule"/>
  <testcase name="withPriceRule" time="50.493" classname="price.rule.testcase.FrontEndRenaultDealerPriceRule"/>
  <testcase name="MakePriceRule" time="50.886" classname="price.rule.testcase.FrontEndRenaultDealerPriceRule"/>
  <testcase name="otherMakePriceRule" time="49.014" classname="price.rule.testcase.FrontEndRenaultDealerPriceRule"/>
</testsuite> <!-- price.rule.testcase.FrontEndRenaultDealerPriceRule -->
