<?xml version="1.0" encoding="UTF-8"?>
<!-- Generated by org.testng.reporters.JUnitReportReporter -->
<testsuite skipped="0" hostname="IZDT-211" name="price.rule.testcase.ExpiredpriceRule" tests="2" failures="0" timestamp="12 Mar 2018 13:34:59 GMT" time="20.192" errors="0">
  <testcase name="loginSc" time="12.150" classname="price.rule.testcase.ExpiredpriceRule"/>
  <testcase name="expiredDatePriceRule" time="8.042" classname="price.rule.testcase.ExpiredpriceRule"/>
</testsuite> <!-- price.rule.testcase.ExpiredpriceRule -->
